#
# There is insufficient memory for the Java Runtime Environment to continue.
# Native memory allocation (malloc) failed to allocate 32784 bytes for Chunk::new
# Possible reasons:
#   The system is out of physical RAM or swap space
#   The process is running with CompressedOops enabled, and the Java Heap may be blocking the growth of the native heap
# Possible solutions:
#   Reduce memory load on the system
#   Increase physical memory or swap space
#   Check if swap backing store is full
#   Decrease Java heap size (-Xmx/-Xms)
#   Decrease number of Java threads
#   Decrease Java thread stack sizes (-Xss)
#   Set larger code cache with -XX:ReservedCodeCacheSize=
#   JVM is running with Unscaled Compressed Oops mode in which the Java heap is
#     placed in the first 4GB address space. The Java Heap base address is the
#     maximum limit for the native heap growth. Please use -XX:HeapBaseMinAddress
#     to set the Java Heap base and to place the Java Heap above 4GB virtual address.
# This output file may be truncated or incomplete.
#
#  Out of Memory Error (t:/workspace/hotspot/src/share/vm/memory/allocation.cpp:372), pid=15888, tid=8012
#
# JRE version: Java(TM) SE Runtime Environment (9.0+11) (build 9.0.1+11)
# Java VM: Java HotSpot(TM) 64-Bit Server VM (9.0.1+11, mixed mode, tiered, compressed oops, g1 gc, windows-amd64)
# No core dump will be written. Minidumps are not enabled by default on client versions of Windows
#

---------------  S U M M A R Y ------------

Command Line: -ea -Didea.test.cyclic.buffer.size=1048576 -javaagent:C:\Program Files\JetBrains\IntelliJ IDEA Community Edition 2017.3.3\lib\idea_rt.jar=57945:C:\Program Files\JetBrains\IntelliJ IDEA Community Edition 2017.3.3\bin -Dfile.encoding=UTF-8 org.testng.RemoteTestNGStarter -usedefaultlisteners false -socket57944 @w@C:\Users\Grand\AppData\Local\Temp\idea_working_dirs_testng.tmp -temp C:\Users\Grand\AppData\Local\Temp\idea_testng.tmp

Host: Intel(R) Core(TM) i5-3230M CPU @ 2.60GHz, 4 cores, 7G,  Windows 10 , 64 bit Build 16299 (10.0.16299.431)
Time: Fri May 18 01:08:53 2018 RTZ 2 (ceia) elapsed time: 8 seconds (0d 0h 0m 8s)

---------------  T H R E A D  ---------------

Current thread (0x00000140f69db800):  JavaThread "C2 CompilerThread0" daemon [_thread_in_native, id=8012, stack(0x0000001471d00000,0x0000001471e00000)]


Current CompileTask:
C2:   8677 1538   !   4       java.util.concurrent.ConcurrentHashMap::putVal (432 bytes)

Stack: [0x0000001471d00000,0x0000001471e00000]
Native frames: (J=compiled Java code, j=interpreted, Vv=VM code, C=native code)
V  [jvm.dll+0x5870b8]
V  [jvm.dll+0x69c0ee]
V  [jvm.dll+0x69d00a]
V  [jvm.dll+0x69d643]
V  [jvm.dll+0x21d148]
V  [jvm.dll+0xa7c6c]
V  [jvm.dll+0xa85ac]
V  [jvm.dll+0xa8098]
V  [jvm.dll+0x56d7a0]
V  [jvm.dll+0x4aedb3]
V  [jvm.dll+0x1eb529]
V  [jvm.dll+0x1e8bf1]
V  [jvm.dll+0x1691bb]
V  [jvm.dll+0x1f64f0]
V  [jvm.dll+0x1f5176]
V  [jvm.dll+0x66b2df]
V  [jvm.dll+0x5864e0]
C  [msvcr120.dll+0x24f7f]
C  [msvcr120.dll+0x25126]
C  [KERNEL32.DLL+0x11fe4]
C  [ntdll.dll+0x6f061]


---------------  P R O C E S S  ---------------

Java Threads: ( => current thread )
  0x00000140f86ba800 JavaThread "Keep-Alive-Timer" daemon [_thread_blocked, id=13236, stack(0x0000001472b00000,0x0000001472c00000)]
  0x00000140f85bd800 JavaThread "UrlChecker-2" daemon [_thread_blocked, id=604, stack(0x0000001472900000,0x0000001472a00000)]
  0x00000140f85bd000 JavaThread "Exec Stream Pumper" daemon [_thread_in_native, id=2876, stack(0x0000001472800000,0x0000001472900000)]
  0x00000140f8736800 JavaThread "Exec Stream Pumper" daemon [_thread_in_native, id=12664, stack(0x0000001472700000,0x0000001472800000)]
  0x00000140f8a66800 JavaThread "Exec Default Executor" daemon [_thread_in_native, id=14292, stack(0x0000001472600000,0x0000001472700000)]
  0x00000140f6d33800 JavaThread "Service Thread" daemon [_thread_blocked, id=11956, stack(0x0000001472300000,0x0000001472400000)]
  0x00000140f6d30800 JavaThread "Monitor Ctrl-Break" daemon [_thread_in_native, id=3632, stack(0x0000001472200000,0x0000001472300000)]
  0x00000140f6a81800 JavaThread "Common-Cleaner" daemon [_thread_blocked, id=252, stack(0x0000001472100000,0x0000001472200000)]
  0x00000140f6a0d800 JavaThread "Sweeper thread" daemon [_thread_blocked, id=6440, stack(0x0000001472000000,0x0000001472100000)]
  0x00000140f69e9800 JavaThread "C1 CompilerThread2" daemon [_thread_blocked, id=3476, stack(0x0000001471f00000,0x0000001472000000)]
  0x00000140f69e6800 JavaThread "C2 CompilerThread1" daemon [_thread_blocked, id=12000, stack(0x0000001471e00000,0x0000001471f00000)]
=>0x00000140f69db800 JavaThread "C2 CompilerThread0" daemon [_thread_in_native, id=8012, stack(0x0000001471d00000,0x0000001471e00000)]
  0x00000140f69da800 JavaThread "Attach Listener" daemon [_thread_blocked, id=10760, stack(0x0000001471c00000,0x0000001471d00000)]
  0x00000140f69d4800 JavaThread "Signal Dispatcher" daemon [_thread_blocked, id=12192, stack(0x0000001471b00000,0x0000001471c00000)]
  0x00000140f6983800 JavaThread "Finalizer" daemon [_thread_blocked, id=4552, stack(0x0000001471900000,0x0000001471a00000)]
  0x00000140f6981800 JavaThread "Reference Handler" daemon [_thread_blocked, id=1952, stack(0x0000001471800000,0x0000001471900000)]
  0x00000140d3679800 JavaThread "Forwarding newSession on session null to remote" [_thread_in_vm, id=1968, stack(0x0000001470b00000,0x0000001470c00000)]

Other Threads:
  0x00000140f697d000 VMThread "VM Thread" [stack: 0x0000001471700000,0x0000001471800000] [id=1728]
  0x00000140f6d3d000 WatcherThread [stack: 0x0000001472400000,0x0000001472500000] [id=1324]
  0x00000140d368e000 GCTaskThread "GC Thread#0" [stack: 0x0000001470c00000,0x0000001470d00000] [id=1364]
  0x00000140d368f800 GCTaskThread "GC Thread#1" [stack: 0x0000001470d00000,0x0000001470e00000] [id=3260]
  0x00000140d3692000 GCTaskThread "GC Thread#2" [stack: 0x0000001470e00000,0x0000001470f00000] [id=4192]
  0x00000140d3694800 GCTaskThread "GC Thread#3" [stack: 0x0000001470f00000,0x0000001471000000] [id=4220]
  0x00000140d3713000 ConcurrentGCThread "G1 Main Marker" [stack: 0x0000001471500000,0x0000001471600000] [id=15280]
  0x00000140d3717800 ConcurrentGCThread "G1 Marker#0" [stack: 0x0000001471600000,0x0000001471700000] [id=15392]
  0x00000140d36a2000 ConcurrentGCThread "G1 Refine#0" [stack: 0x0000001471300000,0x0000001471400000] [id=11624]
  0x00000140d36a0800 ConcurrentGCThread "G1 Refine#1" [stack: 0x0000001471200000,0x0000001471300000] [id=992]
  0x00000140d369e800 ConcurrentGCThread "G1 Refine#2" [stack: 0x0000001471100000,0x0000001471200000] [id=9860]
  0x00000140d369d000 ConcurrentGCThread "G1 Refine#3" [stack: 0x0000001471000000,0x0000001471100000] [id=5932]
  0x00000140d36a3000 ConcurrentGCThread "G1 Young RemSet Sampling" [stack: 0x0000001471400000,0x0000001471500000] [id=1664]

Threads with active compile tasks:
C1 CompilerThread21563       3       java.lang.invoke.DirectMethodHandle::shouldBeInitialized (123 bytes)
C2 CompilerThread01538   !   4       java.util.concurrent.ConcurrentHashMap::putVal (432 bytes)

VM state:not at safepoint (normal execution)

VM Mutex/Monitor currently owned by a thread: None

Heap address: 0x0000000081a00000, size: 2022 MB, Compressed Oops mode: 32-bit
Narrow klass base: 0x0000000000000000, Narrow klass shift: 3
Compressed class space size: 1073741824 Address: 0x0000000100000000

Heap:
 garbage-first heap   total 131072K, used 21900K [0x0000000081a00000, 0x0000000081b00400, 0x0000000100000000)
  region size 1024K, 19 young (19456K), 2 survivors (2048K)
 Metaspace       used 17499K, capacity 17940K, committed 18176K, reserved 1064960K
  class space    used 1841K, capacity 1954K, committed 2048K, reserved 1048576K
Heap Regions: E=young(eden), S=young(survivor), O=old, HS=humongous(starts), HC=humongous(continues), CS=collection set, F=free, A=archive, TS=gc time stamp, AC=allocation context, TAMS=top-at-mark-start (previous, next)
|   0|0x0000000081a00000, 0x0000000081b00000, 0x0000000081b00000|100%| O|  |TS  1|AC  0|TAMS 0x0000000081a00000, 0x0000000081a00000|
|   1|0x0000000081b00000, 0x0000000081c00000, 0x0000000081c00000|100%| O|  |TS  3|AC  0|TAMS 0x0000000081b00000, 0x0000000081b00000|
|   2|0x0000000081c00000, 0x0000000081d00000, 0x0000000081d00000|100%| O|  |TS  3|AC  0|TAMS 0x0000000081c00000, 0x0000000081c00000|
|   3|0x0000000081d00000, 0x0000000081dae200, 0x0000000081e00000| 68%| O|  |TS  3|AC  0|TAMS 0x0000000081d00000, 0x0000000081d00000|
|   4|0x0000000081e00000, 0x0000000081e00000, 0x0000000081f00000|  0%| F|  |TS  0|AC  0|TAMS 0x0000000081e00000, 0x0000000081e00000|
|   5|0x0000000081f00000, 0x0000000081f00000, 0x0000000082000000|  0%| F|  |TS  0|AC  0|TAMS 0x0000000081f00000, 0x0000000081f00000|
|   6|0x0000000082000000, 0x0000000082000000, 0x0000000082100000|  0%| F|  |TS  0|AC  0|TAMS 0x0000000082000000, 0x0000000082000000|
|   7|0x0000000082100000, 0x0000000082100000, 0x0000000082200000|  0%| F|  |TS  0|AC  0|TAMS 0x0000000082100000, 0x0000000082100000|
|   8|0x0000000082200000, 0x0000000082200000, 0x0000000082300000|  0%| F|  |TS  0|AC  0|TAMS 0x0000000082200000, 0x0000000082200000|
|   9|0x0000000082300000, 0x0000000082300000, 0x0000000082400000|  0%| F|  |TS  0|AC  0|TAMS 0x0000000082300000, 0x0000000082300000|
|  10|0x0000000082400000, 0x0000000082400000, 0x0000000082500000|  0%| F|  |TS  0|AC  0|TAMS 0x0000000082400000, 0x0000000082400000|
|  11|0x0000000082500000, 0x0000000082500000, 0x0000000082600000|  0%| F|  |TS  0|AC  0|TAMS 0x0000000082500000, 0x0000000082500000|
|  12|0x0000000082600000, 0x0000000082600000, 0x0000000082700000|  0%| F|  |TS  0|AC  0|TAMS 0x0000000082600000, 0x0000000082600000|
|  13|0x0000000082700000, 0x0000000082700000, 0x0000000082800000|  0%| F|  |TS  0|AC  0|TAMS 0x0000000082700000, 0x0000000082700000|
|  14|0x0000000082800000, 0x0000000082800000, 0x0000000082900000|  0%| F|  |TS  0|AC  0|TAMS 0x0000000082800000, 0x0000000082800000|
|  15|0x0000000082900000, 0x0000000082900000, 0x0000000082a00000|  0%| F|  |TS  0|AC  0|TAMS 0x0000000082900000, 0x0000000082900000|
|  16|0x0000000082a00000, 0x0000000082a00000, 0x0000000082b00000|  0%| F|  |TS  0|AC  0|TAMS 0x0000000082a00000, 0x0000000082a00000|
|  17|0x0000000082b00000, 0x0000000082b00000, 0x0000000082c00000|  0%| F|  |TS  0|AC  0|TAMS 0x0000000082b00000, 0x0000000082b00000|
|  18|0x0000000082c00000, 0x0000000082c00000, 0x0000000082d00000|  0%| F|  |TS  0|AC  0|TAMS 0x0000000082c00000, 0x0000000082c00000|
|  19|0x0000000082d00000, 0x0000000082d00000, 0x0000000082e00000|  0%| F|  |TS  0|AC  0|TAMS 0x0000000082d00000, 0x0000000082d00000|
|  20|0x0000000082e00000, 0x0000000082e00000, 0x0000000082f00000|  0%| F|  |TS  0|AC  0|TAMS 0x0000000082e00000, 0x0000000082e00000|
|  21|0x0000000082f00000, 0x0000000082f00000, 0x0000000083000000|  0%| F|  |TS  0|AC  0|TAMS 0x0000000082f00000, 0x0000000082f00000|
|  22|0x0000000083000000, 0x0000000083000000, 0x0000000083100000|  0%| F|  |TS  0|AC  0|TAMS 0x0000000083000000, 0x0000000083000000|
|  23|0x0000000083100000, 0x0000000083100000, 0x0000000083200000|  0%| F|  |TS  0|AC  0|TAMS 0x0000000083100000, 0x0000000083100000|
|  24|0x0000000083200000, 0x0000000083200000, 0x0000000083300000|  0%| F|  |TS  0|AC  0|TAMS 0x0000000083200000, 0x0000000083200000|
|  25|0x0000000083300000, 0x0000000083300000, 0x0000000083400000|  0%| F|  |TS  0|AC  0|TAMS 0x0000000083300000, 0x0000000083300000|
|  26|0x0000000083400000, 0x0000000083400000, 0x0000000083500000|  0%| F|  |TS  0|AC  0|TAMS 0x0000000083400000, 0x0000000083400000|
|  27|0x0000000083500000, 0x0000000083500000, 0x0000000083600000|  0%| F|  |TS  0|AC  0|TAMS 0x0000000083500000, 0x0000000083500000|
|  28|0x0000000083600000, 0x0000000083600000, 0x0000000083700000|  0%| F|  |TS  0|AC  0|TAMS 0x0000000083600000, 0x0000000083600000|
|  29|0x0000000083700000, 0x0000000083700000, 0x0000000083800000|  0%| F|  |TS  0|AC  0|TAMS 0x0000000083700000, 0x0000000083700000|
|  30|0x0000000083800000, 0x0000000083800000, 0x0000000083900000|  0%| F|  |TS  0|AC  0|TAMS 0x0000000083800000, 0x0000000083800000|
|  31|0x0000000083900000, 0x0000000083900000, 0x0000000083a00000|  0%| F|  |TS  0|AC  0|TAMS 0x0000000083900000, 0x0000000083900000|
|  32|0x0000000083a00000, 0x0000000083a00000, 0x0000000083b00000|  0%| F|  |TS  0|AC  0|TAMS 0x0000000083a00000, 0x0000000083a00000|
|  33|0x0000000083b00000, 0x0000000083b00000, 0x0000000083c00000|  0%| F|  |TS  0|AC  0|TAMS 0x0000000083b00000, 0x0000000083b00000|
|  34|0x0000000083c00000, 0x0000000083c00000, 0x0000000083d00000|  0%| F|  |TS  0|AC  0|TAMS 0x0000000083c00000, 0x0000000083c00000|
|  35|0x0000000083d00000, 0x0000000083d00000, 0x0000000083e00000|  0%| F|  |TS  0|AC  0|TAMS 0x0000000083d00000, 0x0000000083d00000|
|  36|0x0000000083e00000, 0x0000000083e00000, 0x0000000083f00000|  0%| F|  |TS  0|AC  0|TAMS 0x0000000083e00000, 0x0000000083e00000|
|  37|0x0000000083f00000, 0x0000000083f00000, 0x0000000084000000|  0%| F|  |TS  0|AC  0|TAMS 0x0000000083f00000, 0x0000000083f00000|
|  38|0x0000000084000000, 0x0000000084000000, 0x0000000084100000|  0%| F|  |TS  0|AC  0|TAMS 0x0000000084000000, 0x0000000084000000|
|  39|0x0000000084100000, 0x0000000084100000, 0x0000000084200000|  0%| F|  |TS  0|AC  0|TAMS 0x0000000084100000, 0x0000000084100000|
|  40|0x0000000084200000, 0x0000000084200000, 0x0000000084300000|  0%| F|  |TS  0|AC  0|TAMS 0x0000000084200000, 0x0000000084200000|
|  41|0x0000000084300000, 0x0000000084300000, 0x0000000084400000|  0%| F|  |TS  0|AC  0|TAMS 0x0000000084300000, 0x0000000084300000|
|  42|0x0000000084400000, 0x0000000084400000, 0x0000000084500000|  0%| F|  |TS  0|AC  0|TAMS 0x0000000084400000, 0x0000000084400000|
|  43|0x0000000084500000, 0x0000000084500000, 0x0000000084600000|  0%| F|  |TS  0|AC  0|TAMS 0x0000000084500000, 0x0000000084500000|
|  44|0x0000000084600000, 0x0000000084600000, 0x0000000084700000|  0%| F|  |TS  0|AC  0|TAMS 0x0000000084600000, 0x0000000084600000|
|  45|0x0000000084700000, 0x0000000084700000, 0x0000000084800000|  0%| F|  |TS  0|AC  0|TAMS 0x0000000084700000, 0x0000000084700000|
|  46|0x0000000084800000, 0x0000000084800000, 0x0000000084900000|  0%| F|  |TS  0|AC  0|TAMS 0x0000000084800000, 0x0000000084800000|
|  47|0x0000000084900000, 0x0000000084900000, 0x0000000084a00000|  0%| F|  |TS  0|AC  0|TAMS 0x0000000084900000, 0x0000000084900000|
|  48|0x0000000084a00000, 0x0000000084a00000, 0x0000000084b00000|  0%| F|  |TS  0|AC  0|TAMS 0x0000000084a00000, 0x0000000084a00000|
|  49|0x0000000084b00000, 0x0000000084b00000, 0x0000000084c00000|  0%| F|  |TS  0|AC  0|TAMS 0x0000000084b00000, 0x0000000084b00000|
|  50|0x0000000084c00000, 0x0000000084c00000, 0x0000000084d00000|  0%| F|  |TS  0|AC  0|TAMS 0x0000000084c00000, 0x0000000084c00000|
|  51|0x0000000084d00000, 0x0000000084d00000, 0x0000000084e00000|  0%| F|  |TS  0|AC  0|TAMS 0x0000000084d00000, 0x0000000084d00000|
|  52|0x0000000084e00000, 0x0000000084e00000, 0x0000000084f00000|  0%| F|  |TS  0|AC  0|TAMS 0x0000000084e00000, 0x0000000084e00000|
|  53|0x0000000084f00000, 0x0000000084f00000, 0x0000000085000000|  0%| F|  |TS  0|AC  0|TAMS 0x0000000084f00000, 0x0000000084f00000|
|  54|0x0000000085000000, 0x0000000085000000, 0x0000000085100000|  0%| F|  |TS  0|AC  0|TAMS 0x0000000085000000, 0x0000000085000000|
|  55|0x0000000085100000, 0x0000000085100000, 0x0000000085200000|  0%| F|  |TS  0|AC  0|TAMS 0x0000000085100000, 0x0000000085100000|
|  56|0x0000000085200000, 0x0000000085200000, 0x0000000085300000|  0%| F|  |TS  0|AC  0|TAMS 0x0000000085200000, 0x0000000085200000|
|  57|0x0000000085300000, 0x0000000085300000, 0x0000000085400000|  0%| F|  |TS  0|AC  0|TAMS 0x0000000085300000, 0x0000000085300000|
|  58|0x0000000085400000, 0x0000000085400000, 0x0000000085500000|  0%| F|  |TS  0|AC  0|TAMS 0x0000000085400000, 0x0000000085400000|
|  59|0x0000000085500000, 0x0000000085500000, 0x0000000085600000|  0%| F|  |TS  0|AC  0|TAMS 0x0000000085500000, 0x0000000085500000|
|  60|0x0000000085600000, 0x0000000085600000, 0x0000000085700000|  0%| F|  |TS  0|AC  0|TAMS 0x0000000085600000, 0x0000000085600000|
|  61|0x0000000085700000, 0x0000000085700000, 0x0000000085800000|  0%| F|  |TS  0|AC  0|TAMS 0x0000000085700000, 0x0000000085700000|
|  62|0x0000000085800000, 0x0000000085800000, 0x0000000085900000|  0%| F|  |TS  0|AC  0|TAMS 0x0000000085800000, 0x0000000085800000|
|  63|0x0000000085900000, 0x0000000085900000, 0x0000000085a00000|  0%| F|  |TS  0|AC  0|TAMS 0x0000000085900000, 0x0000000085900000|
|  64|0x0000000085a00000, 0x0000000085a00000, 0x0000000085b00000|  0%| F|  |TS  0|AC  0|TAMS 0x0000000085a00000, 0x0000000085a00000|
|  65|0x0000000085b00000, 0x0000000085b00000, 0x0000000085c00000|  0%| F|  |TS  0|AC  0|TAMS 0x0000000085b00000, 0x0000000085b00000|
|  66|0x0000000085c00000, 0x0000000085c00000, 0x0000000085d00000|  0%| F|  |TS  0|AC  0|TAMS 0x0000000085c00000, 0x0000000085c00000|
|  67|0x0000000085d00000, 0x0000000085d00000, 0x0000000085e00000|  0%| F|  |TS  0|AC  0|TAMS 0x0000000085d00000, 0x0000000085d00000|
|  68|0x0000000085e00000, 0x0000000085e00000, 0x0000000085f00000|  0%| F|  |TS  0|AC  0|TAMS 0x0000000085e00000, 0x0000000085e00000|
|  69|0x0000000085f00000, 0x0000000085f00000, 0x0000000086000000|  0%| F|  |TS  0|AC  0|TAMS 0x0000000085f00000, 0x0000000085f00000|
|  70|0x0000000086000000, 0x0000000086000000, 0x0000000086100000|  0%| F|  |TS  0|AC  0|TAMS 0x0000000086000000, 0x0000000086000000|
|  71|0x0000000086100000, 0x0000000086100000, 0x0000000086200000|  0%| F|  |TS  0|AC  0|TAMS 0x0000000086100000, 0x0000000086100000|
|  72|0x0000000086200000, 0x0000000086200000, 0x0000000086300000|  0%| F|  |TS  0|AC  0|TAMS 0x0000000086200000, 0x0000000086200000|
|  73|0x0000000086300000, 0x0000000086300000, 0x0000000086400000|  0%| F|  |TS  0|AC  0|TAMS 0x0000000086300000, 0x0000000086300000|
|  74|0x0000000086400000, 0x0000000086400000, 0x0000000086500000|  0%| F|  |TS  0|AC  0|TAMS 0x0000000086400000, 0x0000000086400000|
|  75|0x0000000086500000, 0x0000000086500000, 0x0000000086600000|  0%| F|  |TS  0|AC  0|TAMS 0x0000000086500000, 0x0000000086500000|
|  76|0x0000000086600000, 0x0000000086600000, 0x0000000086700000|  0%| F|  |TS  0|AC  0|TAMS 0x0000000086600000, 0x0000000086600000|
|  77|0x0000000086700000, 0x0000000086700000, 0x0000000086800000|  0%| F|  |TS  0|AC  0|TAMS 0x0000000086700000, 0x0000000086700000|
|  78|0x0000000086800000, 0x0000000086800000, 0x0000000086900000|  0%| F|  |TS  0|AC  0|TAMS 0x0000000086800000, 0x0000000086800000|
|  79|0x0000000086900000, 0x0000000086900000, 0x0000000086a00000|  0%| F|  |TS  0|AC  0|TAMS 0x0000000086900000, 0x0000000086900000|
|  80|0x0000000086a00000, 0x0000000086a00000, 0x0000000086b00000|  0%| F|  |TS  0|AC  0|TAMS 0x0000000086a00000, 0x0000000086a00000|
|  81|0x0000000086b00000, 0x0000000086b00000, 0x0000000086c00000|  0%| F|  |TS  0|AC  0|TAMS 0x0000000086b00000, 0x0000000086b00000|
|  82|0x0000000086c00000, 0x0000000086c00000, 0x0000000086d00000|  0%| F|  |TS  0|AC  0|TAMS 0x0000000086c00000, 0x0000000086c00000|
|  83|0x0000000086d00000, 0x0000000086d00000, 0x0000000086e00000|  0%| F|  |TS  0|AC  0|TAMS 0x0000000086d00000, 0x0000000086d00000|
|  84|0x0000000086e00000, 0x0000000086e00000, 0x0000000086f00000|  0%| F|  |TS  0|AC  0|TAMS 0x0000000086e00000, 0x0000000086e00000|
|  85|0x0000000086f00000, 0x0000000086f00000, 0x0000000087000000|  0%| F|  |TS  0|AC  0|TAMS 0x0000000086f00000, 0x0000000086f00000|
|  86|0x0000000087000000, 0x0000000087000000, 0x0000000087100000|  0%| F|  |TS  0|AC  0|TAMS 0x0000000087000000, 0x0000000087000000|
|  87|0x0000000087100000, 0x0000000087100000, 0x0000000087200000|  0%| F|  |TS  0|AC  0|TAMS 0x0000000087100000, 0x0000000087100000|
|  88|0x0000000087200000, 0x0000000087200000, 0x0000000087300000|  0%| F|  |TS  0|AC  0|TAMS 0x0000000087200000, 0x0000000087200000|
|  89|0x0000000087300000, 0x0000000087300000, 0x0000000087400000|  0%| F|  |TS  0|AC  0|TAMS 0x0000000087300000, 0x0000000087300000|
|  90|0x0000000087400000, 0x0000000087400000, 0x0000000087500000|  0%| F|  |TS  0|AC  0|TAMS 0x0000000087400000, 0x0000000087400000|
|  91|0x0000000087500000, 0x0000000087500000, 0x0000000087600000|  0%| F|  |TS  0|AC  0|TAMS 0x0000000087500000, 0x0000000087500000|
|  92|0x0000000087600000, 0x0000000087600000, 0x0000000087700000|  0%| F|  |TS  0|AC  0|TAMS 0x0000000087600000, 0x0000000087600000|
|  93|0x0000000087700000, 0x0000000087700000, 0x0000000087800000|  0%| F|  |TS  0|AC  0|TAMS 0x0000000087700000, 0x0000000087700000|
|  94|0x0000000087800000, 0x0000000087800000, 0x0000000087900000|  0%| F|  |TS  0|AC  0|TAMS 0x0000000087800000, 0x0000000087800000|
|  95|0x0000000087900000, 0x0000000087900000, 0x0000000087a00000|  0%| F|  |TS  0|AC  0|TAMS 0x0000000087900000, 0x0000000087900000|
|  96|0x0000000087a00000, 0x0000000087a00000, 0x0000000087b00000|  0%| F|  |TS  0|AC  0|TAMS 0x0000000087a00000, 0x0000000087a00000|
|  97|0x0000000087b00000, 0x0000000087b00000, 0x0000000087c00000|  0%| F|  |TS  0|AC  0|TAMS 0x0000000087b00000, 0x0000000087b00000|
|  98|0x0000000087c00000, 0x0000000087c00000, 0x0000000087d00000|  0%| F|  |TS  0|AC  0|TAMS 0x0000000087c00000, 0x0000000087c00000|
|  99|0x0000000087d00000, 0x0000000087d00000, 0x0000000087e00000|  0%| F|  |TS  0|AC  0|TAMS 0x0000000087d00000, 0x0000000087d00000|
| 100|0x0000000087e00000, 0x0000000087e00000, 0x0000000087f00000|  0%| F|  |TS  0|AC  0|TAMS 0x0000000087e00000, 0x0000000087e00000|
| 101|0x0000000087f00000, 0x0000000087f00000, 0x0000000088000000|  0%| F|  |TS  0|AC  0|TAMS 0x0000000087f00000, 0x0000000087f00000|
| 102|0x0000000088000000, 0x0000000088000000, 0x0000000088100000|  0%| F|  |TS  0|AC  0|TAMS 0x0000000088000000, 0x0000000088000000|
| 103|0x0000000088100000, 0x0000000088100000, 0x0000000088200000|  0%| F|  |TS  0|AC  0|TAMS 0x0000000088100000, 0x0000000088100000|
| 104|0x0000000088200000, 0x0000000088200000, 0x0000000088300000|  0%| F|  |TS  0|AC  0|TAMS 0x0000000088200000, 0x0000000088200000|
| 105|0x0000000088300000, 0x0000000088300000, 0x0000000088400000|  0%| F|  |TS  0|AC  0|TAMS 0x0000000088300000, 0x0000000088300000|
| 106|0x0000000088400000, 0x0000000088400000, 0x0000000088500000|  0%| F|  |TS  0|AC  0|TAMS 0x0000000088400000, 0x0000000088400000|
| 107|0x0000000088500000, 0x0000000088500000, 0x0000000088600000|  0%| F|  |TS  0|AC  0|TAMS 0x0000000088500000, 0x0000000088500000|
| 108|0x0000000088600000, 0x0000000088600000, 0x0000000088700000|  0%| F|  |TS  0|AC  0|TAMS 0x0000000088600000, 0x0000000088600000|
| 109|0x0000000088700000, 0x0000000088800000, 0x0000000088800000|100%| E|  |TS  0|AC  0|TAMS 0x0000000088700000, 0x0000000088700000|
| 110|0x0000000088800000, 0x0000000088900000, 0x0000000088900000|100%| E|CS|TS  0|AC  0|TAMS 0x0000000088800000, 0x0000000088800000|
| 111|0x0000000088900000, 0x0000000088a00000, 0x0000000088a00000|100%| E|CS|TS  0|AC  0|TAMS 0x0000000088900000, 0x0000000088900000|
| 112|0x0000000088a00000, 0x0000000088b00000, 0x0000000088b00000|100%| E|CS|TS  3|AC  0|TAMS 0x0000000088a00000, 0x0000000088a00000|
| 113|0x0000000088b00000, 0x0000000088c00000, 0x0000000088c00000|100%| E|CS|TS  3|AC  0|TAMS 0x0000000088b00000, 0x0000000088b00000|
| 114|0x0000000088c00000, 0x0000000088d00000, 0x0000000088d00000|100%| E|CS|TS  1|AC  0|TAMS 0x0000000088c00000, 0x0000000088c00000|
| 115|0x0000000088d00000, 0x0000000088e00000, 0x0000000088e00000|100%| E|CS|TS  1|AC  0|TAMS 0x0000000088d00000, 0x0000000088d00000|
| 116|0x0000000088e00000, 0x0000000088f00000, 0x0000000088f00000|100%| E|CS|TS  1|AC  0|TAMS 0x0000000088e00000, 0x0000000088e00000|
| 117|0x0000000088f00000, 0x0000000088fb50a0, 0x0000000089000000| 70%| S|CS|TS  3|AC  0|TAMS 0x0000000088f00000, 0x0000000088f00000|
| 118|0x0000000089000000, 0x0000000089100000, 0x0000000089100000|100%| S|CS|TS  3|AC  0|TAMS 0x0000000089000000, 0x0000000089000000|
| 119|0x0000000089100000, 0x0000000089200000, 0x0000000089200000|100%| E|CS|TS  3|AC  0|TAMS 0x0000000089100000, 0x0000000089100000|
| 120|0x0000000089200000, 0x0000000089300000, 0x0000000089300000|100%| E|CS|TS  3|AC  0|TAMS 0x0000000089200000, 0x0000000089200000|
| 121|0x0000000089300000, 0x0000000089400000, 0x0000000089400000|100%| E|CS|TS  3|AC  0|TAMS 0x0000000089300000, 0x0000000089300000|
| 122|0x0000000089400000, 0x0000000089500000, 0x0000000089500000|100%| E|CS|TS  3|AC  0|TAMS 0x0000000089400000, 0x0000000089400000|
| 123|0x0000000089500000, 0x0000000089600000, 0x0000000089600000|100%| E|CS|TS  3|AC  0|TAMS 0x0000000089500000, 0x0000000089500000|
| 124|0x0000000089600000, 0x0000000089700000, 0x0000000089700000|100%| E|CS|TS  3|AC  0|TAMS 0x0000000089600000, 0x0000000089600000|
| 125|0x0000000089700000, 0x0000000089800000, 0x0000000089800000|100%| E|CS|TS  3|AC  0|TAMS 0x0000000089700000, 0x0000000089700000|
| 126|0x0000000089800000, 0x0000000089900000, 0x0000000089900000|100%| E|CS|TS  3|AC  0|TAMS 0x0000000089800000, 0x0000000089800000|
| 127|0x0000000089900000, 0x0000000089a00000, 0x0000000089a00000|100%| E|CS|TS  3|AC  0|TAMS 0x0000000089900000, 0x0000000089900000|

Card table byte_map: [0x00000140ef380000,0x00000140ef780000] byte_map_base: 0x00000140eef73000

Marking Bits (Prev, Next): (CMBitMap*) 0x00000140d3712800, (CMBitMap*) 0x00000140d3712838
 Prev Bits: [0x00000140efb80000, 0x00000140f1b18000)
 Next Bits: [0x00000140f1b20000, 0x00000140f3ab8000)

Polling page: 0x00000140d1470000

CodeHeap 'non-profiled nmethods': size=120064Kb used=531Kb max_used=531Kb free=119532Kb
 bounds [0x00000140e7110000, 0x00000140e7380000, 0x00000140ee650000]
CodeHeap 'profiled nmethods': size=120000Kb used=3128Kb max_used=3128Kb free=116871Kb
 bounds [0x00000140dfbe0000, 0x00000140dfef0000, 0x00000140e7110000]
CodeHeap 'non-nmethods': size=5696Kb used=1259Kb max_used=1283Kb free=4436Kb
 bounds [0x00000140df650000, 0x00000140df8c0000, 0x00000140dfbe0000]
 total_blobs=2325 nmethods=1563 adapters=349
 compilation: enabled

Compilation events (10 events):
Event: 8.353 Thread 0x00000140f69e9800 1532       3       sun.invoke.util.Wrapper::isSingleWord (15 bytes)
Event: 8.353 Thread 0x00000140f69e9800 nmethod 1532 0x00000140dfee2c90 code [0x00000140dfee2e40, 0x00000140dfee2ff8]
Event: 8.355 Thread 0x00000140f69db800 nmethod 1533 0x00000140e7191b10 code [0x00000140e7191ca0, 0x00000140e7191ed8]
Event: 8.386 Thread 0x00000140f69e6800 1535  s!   4       jdk.internal.loader.URLClassPath::getLoader (200 bytes)
Event: 8.395 Thread 0x00000140f69e9800 1536       3       java.lang.StringDecoderUTF8::decode (11 bytes)
Event: 8.396 Thread 0x00000140f69e9800 nmethod 1536 0x00000140dfee3090 code [0x00000140dfee3240, 0x00000140dfee33d0]
Event: 8.396 Thread 0x00000140f69e9800 1537       3       java.util.jar.Attributes$Name::isValid (45 bytes)
Event: 8.397 Thread 0x00000140f69e9800 nmethod 1537 0x00000140dfee3490 code [0x00000140dfee3700, 0x00000140dfee4480]
Event: 8.400 Thread 0x00000140f69e6800 nmethod 1535 0x00000140e7191f90 code [0x00000140e71921a0, 0x00000140e7192c70]
Event: 8.527 Thread 0x00000140f69db800 1538   !   4       java.util.concurrent.ConcurrentHashMap::putVal (432 bytes)

GC Heap History (4 events):
Event: 3.787 GC heap before
{Heap before GC invocations=0 (full 0):
 garbage-first heap   total 131072K, used 14336K [0x0000000081a00000, 0x0000000081b00400, 0x0000000100000000)
  region size 1024K, 14 young (14336K), 0 survivors (0K)
 Metaspace       used 11108K, capacity 11494K, committed 11776K, reserved 1060864K
  class space    used 1098K, capacity 1202K, committed 1280K, reserved 1048576K
}
Event: 3.793 GC heap after
{Heap after GC invocations=1 (full 0):
 garbage-first heap   total 131072K, used 3824K [0x0000000081a00000, 0x0000000081b00400, 0x0000000100000000)
  region size 1024K, 2 young (2048K), 2 survivors (2048K)
 Metaspace       used 11108K, capacity 11494K, committed 11776K, reserved 1060864K
  class space    used 1098K, capacity 1202K, committed 1280K, reserved 1048576K
}
Event: 5.613 GC heap before
{Heap before GC invocations=1 (full 0):
 garbage-first heap   total 131072K, used 13040K [0x0000000081a00000, 0x0000000081b00400, 0x0000000100000000)
  region size 1024K, 11 young (11264K), 2 survivors (2048K)
 Metaspace       used 13545K, capacity 13898K, committed 14080K, reserved 1062912K
  class space    used 1380K, capacity 1444K, committed 1536K, reserved 1048576K
}
Event: 5.621 GC heap after
{Heap after GC invocations=2 (full 0):
 garbage-first heap   total 131072K, used 5516K [0x0000000081a00000, 0x0000000081b00400, 0x0000000100000000)
  region size 1024K, 2 young (2048K), 2 survivors (2048K)
 Metaspace       used 13545K, capacity 13898K, committed 14080K, reserved 1062912K
  class space    used 1380K, capacity 1444K, committed 1536K, reserved 1048576K
}

Deoptimization events (10 events):
Event: 6.499 Thread 0x00000140d3679800 Uncommon trap: reason=class_check action=maybe_recompile pc=0x00000140e713e69c method=java.util.HashMap.putVal(ILjava/lang/Object;Ljava/lang/Object;ZZ)Ljava/lang/Object; @ 203 c2
Event: 6.500 Thread 0x00000140d3679800 Uncommon trap: reason=class_check action=maybe_recompile pc=0x00000140e713e69c method=java.util.HashMap.putVal(ILjava/lang/Object;Ljava/lang/Object;ZZ)Ljava/lang/Object; @ 203 c2
Event: 6.503 Thread 0x00000140d3679800 Uncommon trap: reason=class_check action=maybe_recompile pc=0x00000140e713e69c method=java.util.HashMap.putVal(ILjava/lang/Object;Ljava/lang/Object;ZZ)Ljava/lang/Object; @ 203 c2
Event: 6.840 Thread 0x00000140d3679800 Uncommon trap: reason=bimorphic_or_optimized_type_check action=maybe_recompile pc=0x00000140e716ba3c method=java.util.HashMap.putVal(ILjava/lang/Object;Ljava/lang/Object;ZZ)Ljava/lang/Object; @ 91 c2
Event: 6.871 Thread 0x00000140d3679800 Uncommon trap: reason=bimorphic_or_optimized_type_check action=maybe_recompile pc=0x00000140e716ba3c method=java.util.HashMap.putVal(ILjava/lang/Object;Ljava/lang/Object;ZZ)Ljava/lang/Object; @ 91 c2
Event: 6.871 Thread 0x00000140d3679800 Uncommon trap: reason=bimorphic_or_optimized_type_check action=maybe_recompile pc=0x00000140e716ba3c method=java.util.HashMap.putVal(ILjava/lang/Object;Ljava/lang/Object;ZZ)Ljava/lang/Object; @ 91 c2
Event: 6.871 Thread 0x00000140d3679800 Uncommon trap: reason=bimorphic_or_optimized_type_check action=maybe_recompile pc=0x00000140e716ba3c method=java.util.HashMap.putVal(ILjava/lang/Object;Ljava/lang/Object;ZZ)Ljava/lang/Object; @ 91 c2
Event: 7.673 Thread 0x00000140d3679800 Uncommon trap: reason=unstable_if action=reinterpret pc=0x00000140e7177164 method=java.io.ByteArrayInputStream.read([BII)I @ 63 c2
Event: 7.682 Thread 0x00000140d3679800 Uncommon trap: reason=unstable_if action=reinterpret pc=0x00000140e715d264 method=java.lang.StringUTF16.compress([CI[BII)I @ 20 c2
Event: 8.307 Thread 0x00000140f85bd800 Uncommon trap: reason=unstable_if action=reinterpret pc=0x00000140e7169204 method=java.lang.CharacterDataLatin1.digit(II)I @ 82 c2

Classes redefined (0 events):
No events

Internal exceptions (10 events):
Event: 7.266 Thread 0x00000140d3679800 Exception <a 'java/lang/NoSuchMethodError'{0x00000000893e6fd8}: java.lang.invoke.DirectMethodHandle$Holder.invokeStaticInit(Ljava/lang/Object;Ljava/lang/Object;)I> (0x00000000893e6fd8) thrown at [t:/workspace/hotspot/src/share/vm/interpreter/linkResolver.
Event: 7.336 Thread 0x00000140d3679800 Exception <a 'sun/nio/fs/WindowsException'{0x0000000089221698}> (0x0000000089221698) thrown at [t:/workspace/hotspot/src/share/vm/prims/jni.cpp, line 604]
Event: 7.364 Thread 0x00000140d3679800 Exception <a 'java/lang/NoSuchMethodError'{0x0000000089223fc0}: java.lang.Object.lambda$negate$3(I)Z> (0x0000000089223fc0) thrown at [t:/workspace/hotspot/src/share/vm/interpreter/linkResolver.cpp, line 731]
Event: 7.965 Thread 0x00000140f8a66800 Exception <a 'java/lang/NoSuchMethodError'{0x0000000088c1c710}: java.lang.invoke.DirectMethodHandle$Holder.invokeStatic(Ljava/lang/Object;J)V> (0x0000000088c1c710) thrown at [t:/workspace/hotspot/src/share/vm/interpreter/linkResolver.cpp, line 731]
Event: 7.967 Thread 0x00000140f8a66800 Exception <a 'java/lang/NoSuchMethodError'{0x0000000088c21880}: java.lang.invoke.DirectMethodHandle$Holder.invokeStatic(Ljava/lang/Object;J)Ljava/lang/Object;> (0x0000000088c21880) thrown at [t:/workspace/hotspot/src/share/vm/interpreter/linkResolver.cpp,
Event: 7.967 Thread 0x00000140f8a66800 Exception <a 'java/lang/NoSuchMethodError'{0x0000000088c24ff0}: method resolution failed> (0x0000000088c24ff0) thrown at [t:/workspace/hotspot/src/share/vm/prims/methodHandles.cpp, line 1256]
Event: 7.969 Thread 0x00000140f8a66800 Exception <a 'java/lang/NoSuchMethodError'{0x0000000088c304b8}: method resolution failed> (0x0000000088c304b8) thrown at [t:/workspace/hotspot/src/share/vm/prims/methodHandles.cpp, line 1256]
Event: 7.970 Thread 0x00000140f8a66800 Exception <a 'java/lang/NoSuchMethodError'{0x0000000088c339d0}: java.lang.invoke.DirectMethodHandle$Holder.invokeStaticInit(Ljava/lang/Object;Ljava/lang/Object;JLjava/lang/Object;)Ljava/lang/Object;> (0x0000000088c339d0) thrown at [t:/workspace/hotspot/sr
Event: 7.971 Thread 0x00000140f8a66800 Exception <a 'java/lang/NoSuchMethodError'{0x0000000088c395b8}: java.lang.invoke.DirectMethodHandle$Holder.invokeStatic(Ljava/lang/Object;Ljava/lang/Object;J)Ljava/lang/Object;> (0x0000000088c395b8) thrown at [t:/workspace/hotspot/src/share/vm/interpreter
Event: 7.972 Thread 0x00000140f8a66800 Exception <a 'java/lang/NoSuchMethodError'{0x0000000088c3cc28}: method resolution failed> (0x0000000088c3cc28) thrown at [t:/workspace/hotspot/src/share/vm/prims/methodHandles.cpp, line 1256]

Events (10 events):
Event: 8.527 loading class com/google/gson/internal/bind/TypeAdapters$30 done
Event: 8.528 loading class com/google/gson/internal/bind/TypeAdapters$EnumTypeAdapter
Event: 8.528 loading class com/google/gson/internal/bind/TypeAdapters$EnumTypeAdapter done
Event: 8.528 loading class com/google/gson/internal/bind/ObjectTypeAdapter
Event: 8.528 loading class com/google/gson/internal/bind/ObjectTypeAdapter done
Event: 8.529 loading class com/google/gson/internal/bind/ObjectTypeAdapter$1
Event: 8.529 loading class com/google/gson/internal/bind/ObjectTypeAdapter$1 done
Event: 8.529 loading class com/google/gson/Gson$4
Event: 8.529 loading class com/google/gson/Gson$4 done
Event: 8.530 loading class java/util/concurrent/atomic/AtomicLongArray


Dynamic libraries:
0x00007ff7a72b0000 - 0x00007ff7a72ee000 	C:\Program Files\Java\jdk-9.0.1\bin\java.exe
0x00007ffcdea70000 - 0x00007ffcdec50000 	C:\WINDOWS\SYSTEM32\ntdll.dll
0x00007ffcdbf40000 - 0x00007ffcdbfee000 	C:\WINDOWS\System32\KERNEL32.DLL
0x00007ffcdba30000 - 0x00007ffcdbc96000 	C:\WINDOWS\System32\KERNELBASE.dll
0x00007ffcdc470000 - 0x00007ffcdc511000 	C:\WINDOWS\System32\ADVAPI32.dll
0x00007ffcdcc20000 - 0x00007ffcdccbd000 	C:\WINDOWS\System32\msvcrt.dll
0x00007ffcdd1e0000 - 0x00007ffcdd23b000 	C:\WINDOWS\System32\sechost.dll
0x00007ffcdc520000 - 0x00007ffcdc63f000 	C:\WINDOWS\System32\RPCRT4.dll
0x00007ffcdc670000 - 0x00007ffcdc7ff000 	C:\WINDOWS\System32\USER32.dll
0x00007ffcdaed0000 - 0x00007ffcdaef0000 	C:\WINDOWS\System32\win32u.dll
0x00007ffcdc8d0000 - 0x00007ffcdc8f8000 	C:\WINDOWS\System32\GDI32.dll
0x00007ffcdb7e0000 - 0x00007ffcdb973000 	C:\WINDOWS\System32\gdi32full.dll
0x00007ffcdb740000 - 0x00007ffcdb7db000 	C:\WINDOWS\System32\msvcp_win.dll
0x00007ffcdaef0000 - 0x00007ffcdafe6000 	C:\WINDOWS\System32\ucrtbase.dll
0x00007ffcd07a0000 - 0x00007ffcd0a09000 	C:\WINDOWS\WinSxS\amd64_microsoft.windows.common-controls_6595b64144ccf1df_6.0.16299.431_none_15c7d3ee93659e73\COMCTL32.dll
0x00007ffcdc900000 - 0x00007ffcdcc08000 	C:\WINDOWS\System32\combase.dll
0x00007ffcd4890000 - 0x00007ffcd489a000 	C:\WINDOWS\SYSTEM32\VERSION.dll
0x00007ffcdbe70000 - 0x00007ffcdbee2000 	C:\WINDOWS\System32\bcryptPrimitives.dll
0x00007ffcdc640000 - 0x00007ffcdc66d000 	C:\WINDOWS\System32\IMM32.DLL
0x00007ffcd1bc0000 - 0x00007ffcd1caf000 	C:\Program Files\Java\jdk-9.0.1\bin\msvcr120.dll
0x00007ffcd1b10000 - 0x00007ffcd1bb6000 	C:\Program Files\Java\jdk-9.0.1\bin\msvcp120.dll
0x00000000726c0000 - 0x00000000730e4000 	C:\Program Files\Java\jdk-9.0.1\bin\server\jvm.dll
0x00007ffcdbff0000 - 0x00007ffcdbff8000 	C:\WINDOWS\System32\PSAPI.DLL
0x00007ffcd8f20000 - 0x00007ffcd8f29000 	C:\WINDOWS\SYSTEM32\WSOCK32.dll
0x00007ffcdd240000 - 0x00007ffcdd2ac000 	C:\WINDOWS\System32\WS2_32.dll
0x00007ffcd8e30000 - 0x00007ffcd8e53000 	C:\WINDOWS\SYSTEM32\WINMM.dll
0x00007ffcd8e00000 - 0x00007ffcd8e2a000 	C:\WINDOWS\SYSTEM32\WINMMBASE.dll
0x00007ffcdbef0000 - 0x00007ffcdbf3a000 	C:\WINDOWS\System32\cfgmgr32.dll
0x00007ffcd8f10000 - 0x00007ffcd8f1f000 	C:\Program Files\Java\jdk-9.0.1\bin\verify.dll
0x00007ffcd5280000 - 0x00007ffcd52a7000 	C:\Program Files\Java\jdk-9.0.1\bin\java.dll
0x00007ffcd3360000 - 0x00007ffcd338a000 	C:\Program Files\Java\jdk-9.0.1\bin\instrument.dll
0x00007ffcd78f0000 - 0x00007ffcd7906000 	C:\Program Files\Java\jdk-9.0.1\bin\zip.dll
0x00007ffcd8d80000 - 0x00007ffcd8d8a000 	C:\Program Files\Java\jdk-9.0.1\bin\jimage.dll
0x00007ffcdd5a0000 - 0x00007ffcde9d8000 	C:\WINDOWS\System32\SHELL32.dll
0x00007ffcdc250000 - 0x00007ffcdc2f6000 	C:\WINDOWS\System32\shcore.dll
0x00007ffcdaff0000 - 0x00007ffcdb737000 	C:\WINDOWS\System32\windows.storage.dll
0x00007ffcdc170000 - 0x00007ffcdc1c1000 	C:\WINDOWS\System32\shlwapi.dll
0x00007ffcdae30000 - 0x00007ffcdae41000 	C:\WINDOWS\System32\kernel.appcore.dll
0x00007ffcdadc0000 - 0x00007ffcdae0c000 	C:\WINDOWS\System32\powrprof.dll
0x00007ffcdae10000 - 0x00007ffcdae2b000 	C:\WINDOWS\System32\profapi.dll
0x00007ffcd78b0000 - 0x00007ffcd78ca000 	C:\Program Files\Java\jdk-9.0.1\bin\net.dll
0x00007ffcd68c0000 - 0x00007ffcd699e000 	C:\WINDOWS\SYSTEM32\WINHTTP.dll
0x00007ffcda5f0000 - 0x00007ffcda656000 	C:\WINDOWS\system32\mswsock.dll
0x00007ffcd5580000 - 0x00007ffcd5591000 	C:\Program Files\Java\jdk-9.0.1\bin\nio.dll
0x00007ffcd4140000 - 0x00007ffcd415a000 	C:\Program Files\JetBrains\IntelliJ IDEA Community Edition 2017.3.3\bin\breakgen64.dll
0x00007ffcda7c0000 - 0x00007ffcda7d7000 	C:\WINDOWS\SYSTEM32\CRYPTSP.dll
0x00007ffcda1f0000 - 0x00007ffcda223000 	C:\WINDOWS\system32\rsaenh.dll
0x00007ffcda8c0000 - 0x00007ffcda8e5000 	C:\WINDOWS\SYSTEM32\bcrypt.dll
0x00007ffcdacf0000 - 0x00007ffcdad19000 	C:\WINDOWS\SYSTEM32\USERENV.dll
0x00007ffcda7b0000 - 0x00007ffcda7bb000 	C:\WINDOWS\SYSTEM32\CRYPTBASE.dll
0x00007ffcda380000 - 0x00007ffcda3b9000 	C:\WINDOWS\SYSTEM32\IPHLPAPI.DLL
0x00007ffcdcc10000 - 0x00007ffcdcc18000 	C:\WINDOWS\System32\NSI.dll
0x00007ffcd5ca0000 - 0x00007ffcd5cb6000 	C:\WINDOWS\SYSTEM32\dhcpcsvc6.DLL
0x00007ffcd4870000 - 0x00007ffcd488a000 	C:\WINDOWS\SYSTEM32\dhcpcsvc.DLL
0x00007ffcda3c0000 - 0x00007ffcda476000 	C:\WINDOWS\SYSTEM32\DNSAPI.dll
0x00007ffcd2d50000 - 0x00007ffcd2d5a000 	C:\Windows\System32\rasadhlp.dll
0x00007ffcd4e10000 - 0x00007ffcd4e80000 	C:\WINDOWS\System32\fwpuclnt.dll
0x00007ffcd3330000 - 0x00007ffcd3353000 	C:\Program Files\Java\jdk-9.0.1\bin\sunec.dll
0x00007ffccb040000 - 0x00007ffccb208000 	C:\WINDOWS\SYSTEM32\dbghelp.dll

VM Arguments:
jvm_args: -ea -Didea.test.cyclic.buffer.size=1048576 -javaagent:C:\Program Files\JetBrains\IntelliJ IDEA Community Edition 2017.3.3\lib\idea_rt.jar=57945:C:\Program Files\JetBrains\IntelliJ IDEA Community Edition 2017.3.3\bin -Dfile.encoding=UTF-8 
java_command: org.testng.RemoteTestNGStarter -usedefaultlisteners false -socket57944 @w@C:\Users\Grand\AppData\Local\Temp\idea_working_dirs_testng.tmp -temp C:\Users\Grand\AppData\Local\Temp\idea_testng.tmp
java_class_path (initial): C:\Program Files\JetBrains\IntelliJ IDEA Community Edition 2017.3.3\lib\idea_rt.jar;C:\Program Files\JetBrains\IntelliJ IDEA Community Edition 2017.3.3\plugins\testng\lib\testng-plugin.jar;D:\WebDriverBasic\target\classes;C:\Users\Grand\.m2\repository\org\testng\testng\6.14.3\testng-6.14.3.jar;C:\Users\Grand\.m2\repository\com\beust\jcommander\1.72\jcommander-1.72.jar;C:\Users\Grand\.m2\repository\org\apache-extras\beanshell\bsh\2.0b6\bsh-2.0b6.jar;C:\Users\Grand\.m2\repository\org\seleniumhq\selenium\selenium-java\3.9.1\selenium-java-3.9.1.jar;C:\Users\Grand\.m2\repository\org\seleniumhq\selenium\selenium-api\3.9.1\selenium-api-3.9.1.jar;C:\Users\Grand\.m2\repository\org\seleniumhq\selenium\selenium-chrome-driver\3.9.1\selenium-chrome-driver-3.9.1.jar;C:\Users\Grand\.m2\repository\org\seleniumhq\selenium\selenium-edge-driver\3.9.1\selenium-edge-driver-3.9.1.jar;C:\Users\Grand\.m2\repository\org\seleniumhq\selenium\selenium-firefox-driver\3.9.1\selenium-firefox-driver-3.9.1.jar;C:\Users\Grand\.m2\repository\org\seleniumhq\selenium\selenium-ie-driver\3.9.1\selenium-ie-driver-3.9.1.jar;C:\Users\Grand\.m2\repository\org\seleniumhq\selenium\selenium-opera-driver\3.9.1\selenium-opera-driver-3.9.1.jar;C:\Users\Grand\.m2\repository\org\seleniumhq\selenium\selenium-remote-driver\3.9.1\selenium-remote-driver-3.9.1.jar;C:\Users\Grand\.m2\repository\org\seleniumhq\selenium\selenium-safari-driver\3.9.1\selenium-safari-driver-3.9.1.jar;C:\Users\Grand\.m2\repository\org\seleniumhq\selenium\selenium-support\3.9.1\selenium-support-3.9.1.jar;C:\Users\Grand\.m2\repository\net\bytebuddy\byte-buddy\1.7.9\byte-buddy-1.7.9.jar;C:\Users\Grand\.m2\repository\org\apache\commons\commons-exec\1.3\commons-exec-1.3.jar;C:\Users\Grand\.m2\repository\commons-codec\commons-codec\1.10\commons-codec-1.10.jar;C:\Users\Grand\.m2\repository\commons-logging\commons-logging\1.2\commons-logging-1.2.jar;C:\Users\Grand\.m2\repository\com\google\code\gson\gson\2.8.2\gson-2.8.2.ja
Launcher Type: SUN_STANDARD

Logging:
Log output configuration:
#0: stdout all=warning uptime,level,tags
#1: stderr all=off uptime,level,tags

Environment Variables:
JAVA_HOME=C:\Program Files\Java\jdk-9.0.1
PATH="C:\ProgramData\Oracle\Java\javapath;";C:\Program Files (x86)\NVIDIA Corporation\PhysX\Common;C:\Program Files (x86)\Intel\iCLS Client\;C:\Program Files\Intel\iCLS Client\;C:\WINDOWS\system32;C:\WINDOWS;C:\WINDOWS\System32\Wbem;C:\WINDOWS\System32\WindowsPowerShell\v1.0\;C:\Program Files (x86)\Windows Live\Shared;C:\Program Files\Intel\Intel(R) Management Engine Components\DAL;C:\Program Files\Intel\Intel(R) Management Engine Components\IPT;C:\Program Files (x86)\Intel\Intel(R) Management Engine Components\DAL;C:\Program Files (x86)\Intel\Intel(R) Management Engine Components\IPT;C:\Program Files (x86)\Intel\OpenCL SDK\2.0\bin\x86;C:\Program Files (x86)\Intel\OpenCL SDK\2.0\bin\x64;C:\Program Files (x86)\Skype\Phone\;C:\Program Files\MySQL\MySQL Utilities 1.6\;C:\Program Files\Microsoft SQL Server\Client SDK\ODBC\130\Tools\Binn\;C:\Program Files (x86)\Microsoft SQL Server\140\Tools\Binn\;C:\Program Files\Microsoft SQL Server\140\Tools\Binn\;C:\Program Files\Microsoft SQL Server\140\DTS\Binn\;C:\Program Files (x86)\Microsoft SQL Server\Client SDK\ODBC\130\Tools\Binn\;C:\Program Files (x86)\Microsoft SQL Server\140\DTS\Binn\;C:\Program Files (x86)\Microsoft SQL Server\140\Tools\Binn\ManagementStudio\;C:\Program Files\Git\cmd;C:\Users\Grand\AppData\Local\Microsoft\WindowsApps;C:\Program Files\Java\jdk-9.0.1\bin;C:\Program Files\Maven\apache-maven-3.5.2\bin;
USERNAME=Grand
OS=Windows_NT
PROCESSOR_IDENTIFIER=Intel64 Family 6 Model 58 Stepping 9, GenuineIntel



---------------  S Y S T E M  ---------------

OS: Windows 10 , 64 bit Build 16299 (10.0.16299.431)

CPU:total 4 (initial active 4) (2 cores per cpu, 2 threads per core) family 6 model 58 stepping 9, cmov, cx8, fxsr, mmx, sse, sse2, sse3, ssse3, sse4.1, sse4.2, popcnt, avx, aes, clmul, erms, ht, tsc, tscinvbit, tscinv

Memory: 4k page, physical 8274532k(705984k free), swap 11346532k(95672k free)

vm_info: Java HotSpot(TM) 64-Bit Server VM (9.0.1+11) for windows-amd64 JRE (9.0.1+11), built on Sep 28 2017 04:54:03 by "mach5one" with MS VC++ 12.0 (VS2013)

END.
